Symlinking /root/baha/catkin_ws/devel/include/zerog_utilities/TfInfoConfig.h
Symlinking /root/baha/catkin_ws/devel/share/roseus/ros/zerog_utilities/manifest.l
Symlinking /root/baha/catkin_ws/devel/share/zerog_utilities/docs/TfInfoConfig-usage.dox
Symlinking /root/baha/catkin_ws/devel/share/zerog_utilities/docs/TfInfoConfig.dox
Symlinking /root/baha/catkin_ws/devel/share/zerog_utilities/docs/TfInfoConfig.wikidoc
Symlinking /root/baha/catkin_ws/devel/share/zerog_utilities/cmake/zerog_utilitiesConfig-version.cmake
Symlinking /root/baha/catkin_ws/devel/share/zerog_utilities/cmake/zerog_utilities-msg-extras.cmake
Symlinking /root/baha/catkin_ws/devel/share/zerog_utilities/cmake/zerog_utilities-msg-paths.cmake
Symlinking /root/baha/catkin_ws/devel/share/zerog_utilities/cmake/zerog_utilitiesConfig.cmake
Symlinking /root/baha/catkin_ws/devel/lib/pkgconfig/zerog_utilities.pc
Symlinking /root/baha/catkin_ws/devel/lib/zerog_utilities/create_waypoints
Symlinking /root/baha/catkin_ws/devel/lib/zerog_utilities/obtain_waypts_transform
Symlinking /root/baha/catkin_ws/devel/lib/zerog_utilities/reference_transformer_target
Symlinking /root/baha/catkin_ws/devel/lib/zerog_utilities/twist_tf_info_node
Symlinking /root/baha/catkin_ws/devel/lib/zerog_utilities/obtain_waypts_transform_target
Symlinking /root/baha/catkin_ws/devel/lib/zerog_utilities/obtain_waypts_transform_chaser
Symlinking /root/baha/catkin_ws/devel/lib/zerog_utilities/reference_transformer_chaser
Symlinking /root/baha/catkin_ws/devel/lib/zerog_utilities/tf_info_node
Symlinking /root/baha/catkin_ws/devel/lib/zerog_utilities/reference_transformer
Symlinking /root/baha/catkin_ws/devel/lib/python2.7/dist-packages/zerog_utilities/__init__.py
Symlinking /root/baha/catkin_ws/devel/lib/python2.7/dist-packages/zerog_utilities/cfg/__init__.py
Symlinking /root/baha/catkin_ws/devel/lib/python2.7/dist-packages/zerog_utilities/cfg/TfInfoConfig.py
