[35m[1mScanning dependencies of target std_msgs_generate_messages_eus[0m
[35m[1mScanning dependencies of target octomap_msgs_generate_messages_py[0m
[35m[1mScanning dependencies of target topic_tools_generate_messages_eus[0m
[35m[1mScanning dependencies of target topic_tools_generate_messages_nodejs[0m
[35m[1mScanning dependencies of target topic_tools_generate_messages_lisp[0m
[35m[1mScanning dependencies of target topic_tools_generate_messages_cpp[0m
[  0%] Built target topic_tools_generate_messages_eus
[  0%] Built target topic_tools_generate_messages_cpp
[  0%] Built target topic_tools_generate_messages_lisp
[  0%] Built target octomap_msgs_generate_messages_py
[  0%] Built target std_msgs_generate_messages_eus
[  0%] Built target topic_tools_generate_messages_nodejs
[35m[1mScanning dependencies of target pcl_ros_gencfg[0m
[35m[1mScanning dependencies of target pcl_msgs_generate_messages_cpp[0m
[35m[1mScanning dependencies of target pcl_msgs_generate_messages_eus[0m
[35m[1mScanning dependencies of target pcl_msgs_generate_messages_nodejs[0m
[35m[1mScanning dependencies of target graph_msgs_generate_messages_nodejs[0m
[35m[1mScanning dependencies of target graph_msgs_generate_messages_cpp[0m
[  0%] Built target pcl_msgs_generate_messages_nodejs
[  0%] Built target pcl_msgs_generate_messages_cpp
[  0%] Built target pcl_msgs_generate_messages_eus
[  0%] Built target pcl_ros_gencfg
[  0%] Built target graph_msgs_generate_messages_nodejs
[  0%] Built target graph_msgs_generate_messages_cpp
[35m[1mScanning dependencies of target bond_generate_messages_eus[0m
[35m[1mScanning dependencies of target bond_generate_messages_py[0m
[35m[1mScanning dependencies of target bond_generate_messages_lisp[0m
[35m[1mScanning dependencies of target nodelet_generate_messages_nodejs[0m
[35m[1mScanning dependencies of target nodelet_generate_messages_lisp[0m
[35m[1mScanning dependencies of target nodelet_generate_messages_cpp[0m
[  0%] Built target nodelet_generate_messages_nodejs
[  0%] Built target bond_generate_messages_lisp
[  0%] Built target bond_generate_messages_eus
[  0%] Built target nodelet_generate_messages_cpp
[  0%] Built target bond_generate_messages_py
[  0%] Built target nodelet_generate_messages_lisp
[35m[1mScanning dependencies of target std_srvs_generate_messages_py[0m
[35m[1mScanning dependencies of target tf_generate_messages_lisp[0m
[35m[1mScanning dependencies of target moveit_ros_manipulation_gencfg[0m
[35m[1mScanning dependencies of target visualization_msgs_generate_messages_py[0m
[35m[1mScanning dependencies of target tf2_msgs_generate_messages_nodejs[0m
[35m[1mScanning dependencies of target tf2_msgs_generate_messages_cpp[0m
[  0%] Built target std_srvs_generate_messages_py
[  0%] Built target tf_generate_messages_lisp
[  0%] Built target moveit_ros_manipulation_gencfg
[  0%] Built target visualization_msgs_generate_messages_py
[  0%] Built target tf2_msgs_generate_messages_nodejs
[35m[1mScanning dependencies of target std_msgs_generate_messages_py[0m
[35m[1mScanning dependencies of target tf2_msgs_generate_messages_eus[0m
[35m[1mScanning dependencies of target visualization_msgs_generate_messages_nodejs[0m
[35m[1mScanning dependencies of target visualization_msgs_generate_messages_eus[0m
[  0%] Built target tf2_msgs_generate_messages_cpp
[35m[1mScanning dependencies of target std_msgs_generate_messages_cpp[0m
[  0%] Built target visualization_msgs_generate_messages_nodejs
[  0%] Built target visualization_msgs_generate_messages_eus
[  0%] Built target tf2_msgs_generate_messages_eus
[  0%] Built target std_msgs_generate_messages_py
[35m[1mScanning dependencies of target visualization_msgs_generate_messages_cpp[0m
[35m[1mScanning dependencies of target moveit_ros_planning_gencfg[0m
[  0%] Built target std_msgs_generate_messages_cpp
[35m[1mScanning dependencies of target tf2_msgs_generate_messages_py[0m
[35m[1mScanning dependencies of target actionlib_generate_messages_py[0m
[  0%] Built target visualization_msgs_generate_messages_cpp
[  0%] Built target moveit_ros_planning_gencfg
[35m[1mScanning dependencies of target pcl_msgs_generate_messages_lisp[0m
[  0%] Built target tf2_msgs_generate_messages_py
[35m[1mScanning dependencies of target graph_msgs_generate_messages_py[0m
[  0%] Built target actionlib_generate_messages_py
[35m[1mScanning dependencies of target actionlib_generate_messages_nodejs[0m
[  0%] Built target pcl_msgs_generate_messages_lisp
[35m[1mScanning dependencies of target tf_generate_messages_cpp[0m
[35m[1mScanning dependencies of target pcl_msgs_generate_messages_py[0m
[  0%] Built target graph_msgs_generate_messages_py
[35m[1mScanning dependencies of target actionlib_generate_messages_eus[0m
[  0%] Built target pcl_msgs_generate_messages_py
[  0%] Built target tf_generate_messages_cpp
[35m[1mScanning dependencies of target actionlib_generate_messages_cpp[0m
[  0%] Built target actionlib_generate_messages_nodejs
[35m[1mScanning dependencies of target control_toolbox_generate_messages_nodejs[0m
[  0%] Built target actionlib_generate_messages_eus
[35m[1mScanning dependencies of target tf_generate_messages_py[0m
[  0%] Built target actionlib_generate_messages_cpp
[35m[1mScanning dependencies of target dynamic_reconfigure_generate_messages_cpp[0m
[35m[1mScanning dependencies of target rosgraph_msgs_generate_messages_cpp[0m
[  0%] Built target control_toolbox_generate_messages_nodejs
[35m[1mScanning dependencies of target bond_generate_messages_cpp[0m
[  0%] Built target dynamic_reconfigure_generate_messages_cpp
[35m[1mScanning dependencies of target rosgraph_msgs_generate_messages_nodejs[0m
[  0%] Built target tf_generate_messages_py
[  0%] Built target rosgraph_msgs_generate_messages_cpp
[35m[1mScanning dependencies of target trajectory_msgs_generate_messages_lisp[0m
[  0%] Built target bond_generate_messages_cpp
[35m[1mScanning dependencies of target control_toolbox_generate_messages_lisp[0m
[35m[1mScanning dependencies of target trajectory_msgs_generate_messages_eus[0m
[  0%] Built target rosgraph_msgs_generate_messages_nodejs
[35m[1mScanning dependencies of target roscpp_generate_messages_py[0m
[  0%] Built target trajectory_msgs_generate_messages_lisp
[35m[1mScanning dependencies of target geometry_msgs_generate_messages_py[0m
[  0%] Built target control_toolbox_generate_messages_lisp
[35m[1mScanning dependencies of target geometry_msgs_generate_messages_lisp[0m
[35m[1mScanning dependencies of target actionlib_generate_messages_lisp[0m
[  0%] Built target trajectory_msgs_generate_messages_eus
[  0%] Built target geometry_msgs_generate_messages_py
[  0%] Built target roscpp_generate_messages_py
[35m[1mScanning dependencies of target geometry_msgs_generate_messages_cpp[0m
[  0%] Built target geometry_msgs_generate_messages_lisp
[  0%] Built target actionlib_generate_messages_lisp
[35m[1mScanning dependencies of target geometry_msgs_generate_messages_eus[0m
[35m[1mScanning dependencies of target std_msgs_generate_messages_lisp[0m
[35m[1mScanning dependencies of target control_toolbox_generate_messages_eus[0m
[35m[1mScanning dependencies of target std_srvs_generate_messages_lisp[0m
[  0%] Built target geometry_msgs_generate_messages_cpp
[35m[1mScanning dependencies of target roscpp_generate_messages_nodejs[0m
[  0%] Built target geometry_msgs_generate_messages_eus
[  0%] Built target std_msgs_generate_messages_lisp
[  0%] Built target control_toolbox_generate_messages_eus
[  0%] Built target std_srvs_generate_messages_lisp
[35m[1mScanning dependencies of target _catkin_empty_exported_target[0m
[35m[1mScanning dependencies of target sensor_msgs_generate_messages_eus[0m
[35m[1mScanning dependencies of target control_toolbox_gencfg[0m
[35m[1mScanning dependencies of target shape_msgs_generate_messages_py[0m
[35m[1mScanning dependencies of target trajectory_msgs_generate_messages_cpp[0m
[  0%] Built target roscpp_generate_messages_nodejs
[  0%] Built target sensor_msgs_generate_messages_eus
[  0%] Built target _catkin_empty_exported_target
[  0%] Built target trajectory_msgs_generate_messages_cpp
[  0%] Built target control_toolbox_gencfg
[  0%] Built target shape_msgs_generate_messages_py
[35m[1mScanning dependencies of target actionlib_msgs_generate_messages_py[0m
[35m[1mScanning dependencies of target control_msgs_generate_messages_cpp[0m
[35m[1mScanning dependencies of target bond_generate_messages_nodejs[0m
[35m[1mScanning dependencies of target trajectory_msgs_generate_messages_nodejs[0m
[  0%] Built target actionlib_msgs_generate_messages_py
[  0%] Built target control_msgs_generate_messages_cpp
[35m[1mScanning dependencies of target zerog_utilities_generate_messages_lisp[0m
[35m[1mScanning dependencies of target graph_msgs_generate_messages_lisp[0m
[  0%] Built target trajectory_msgs_generate_messages_nodejs
[  0%] Built target bond_generate_messages_nodejs
[35m[1mScanning dependencies of target geometry_msgs_generate_messages_nodejs[0m
[  0%] Built target zerog_utilities_generate_messages_lisp
[35m[1mScanning dependencies of target control_msgs_generate_messages_lisp[0m
[35m[1mScanning dependencies of target object_recognition_msgs_generate_messages_lisp[0m
[35m[1mScanning dependencies of target tf2_msgs_generate_messages_lisp[0m
[35m[1mScanning dependencies of target dynamic_reconfigure_gencfg[0m
[  0%] Built target geometry_msgs_generate_messages_nodejs
[  0%] Built target object_recognition_msgs_generate_messages_lisp
[  0%] Built target control_msgs_generate_messages_lisp
[  0%] Built target graph_msgs_generate_messages_lisp
[  0%] Built target dynamic_reconfigure_gencfg
[35m[1mScanning dependencies of target std_srvs_generate_messages_cpp[0m
[35m[1mScanning dependencies of target graph_msgs_generate_messages_eus[0m
[  0%] Built target tf2_msgs_generate_messages_lisp
[35m[1mScanning dependencies of target sensor_msgs_generate_messages_lisp[0m
[35m[1mScanning dependencies of target topic_tools_generate_messages_py[0m
[35m[1mScanning dependencies of target control_msgs_generate_messages_eus[0m
[  0%] Built target std_srvs_generate_messages_cpp
[  0%] Built target graph_msgs_generate_messages_eus
[  0%] Built target control_msgs_generate_messages_eus
[  0%] Built target sensor_msgs_generate_messages_lisp
[  0%] Built target topic_tools_generate_messages_py
[35m[1mScanning dependencies of target nodelet_topic_tools_gencfg[0m
[35m[1mScanning dependencies of target trajectory_msgs_generate_messages_py[0m
[35m[1mScanning dependencies of target actionlib_msgs_generate_messages_nodejs[0m
[35m[1mScanning dependencies of target visualization_msgs_generate_messages_lisp[0m
[35m[1mScanning dependencies of target control_msgs_generate_messages_py[0m
[35m[1mScanning dependencies of target tf_generate_messages_eus[0m
[  0%] Built target nodelet_topic_tools_gencfg
[  0%] Built target visualization_msgs_generate_messages_lisp
[  0%] Built target actionlib_msgs_generate_messages_nodejs
[  0%] Built target tf_generate_messages_eus
[  0%] Built target control_msgs_generate_messages_py
[35m[1mScanning dependencies of target rosgraph_msgs_generate_messages_py[0m
[35m[1mScanning dependencies of target roscpp_generate_messages_eus[0m
[35m[1mScanning dependencies of target actionlib_msgs_generate_messages_cpp[0m
[  0%] Built target trajectory_msgs_generate_messages_py
[35m[1mScanning dependencies of target actionlib_msgs_generate_messages_eus[0m
[35m[1mScanning dependencies of target octomap_msgs_generate_messages_cpp[0m
[  0%] Built target roscpp_generate_messages_eus
[  0%] Built target actionlib_msgs_generate_messages_eus
[35m[1mScanning dependencies of target actionlib_msgs_generate_messages_lisp[0m
[  0%] Built target actionlib_msgs_generate_messages_cpp
[  0%] Built target rosgraph_msgs_generate_messages_py
[  0%] Built target octomap_msgs_generate_messages_cpp
[35m[1mScanning dependencies of target std_msgs_generate_messages_nodejs[0m
[35m[1mScanning dependencies of target dynamic_reconfigure_generate_messages_eus[0m
[35m[1mScanning dependencies of target shape_msgs_generate_messages_nodejs[0m
[  0%] Built target actionlib_msgs_generate_messages_lisp
[35m[1mScanning dependencies of target control_toolbox_generate_messages_py[0m
[  0%] Built target dynamic_reconfigure_generate_messages_eus
[35m[1mScanning dependencies of target dynamic_reconfigure_generate_messages_lisp[0m
[  0%] Built target shape_msgs_generate_messages_nodejs
[  0%] Built target std_msgs_generate_messages_nodejs
[35m[1mScanning dependencies of target dynamic_reconfigure_generate_messages_nodejs[0m
[35m[1mScanning dependencies of target control_msgs_generate_messages_nodejs[0m
[35m[1mScanning dependencies of target roscpp_generate_messages_cpp[0m
[  0%] Built target control_toolbox_generate_messages_py
[  0%] Built target dynamic_reconfigure_generate_messages_lisp
[35m[1mScanning dependencies of target moveit_msgs_generate_messages_nodejs[0m
[  0%] Built target dynamic_reconfigure_generate_messages_nodejs
[  0%] Built target control_msgs_generate_messages_nodejs
[35m[1mScanning dependencies of target sensor_msgs_generate_messages_nodejs[0m
[35m[1mScanning dependencies of target nodelet_generate_messages_eus[0m
[  0%] Built target moveit_msgs_generate_messages_nodejs
[35m[1mScanning dependencies of target object_recognition_msgs_generate_messages_eus[0m
[  0%] Built target roscpp_generate_messages_cpp
[35m[1mScanning dependencies of target octomap_msgs_generate_messages_eus[0m
[  0%] Built target sensor_msgs_generate_messages_nodejs
[  0%] Built target nodelet_generate_messages_eus
[  0%] Built target object_recognition_msgs_generate_messages_eus
[35m[1mScanning dependencies of target moveit_msgs_generate_messages_cpp[0m
[  0%] Built target octomap_msgs_generate_messages_eus
[35m[1mScanning dependencies of target moveit_msgs_generate_messages_eus[0m
[35m[1mScanning dependencies of target control_toolbox_generate_messages_cpp[0m
[35m[1mScanning dependencies of target rosgraph_msgs_generate_messages_lisp[0m
[  0%] Built target moveit_msgs_generate_messages_cpp
[35m[1mScanning dependencies of target moveit_msgs_generate_messages_lisp[0m
[35m[1mScanning dependencies of target moveit_msgs_generate_messages_py[0m
[35m[1mScanning dependencies of target sensor_msgs_generate_messages_cpp[0m
[  0%] Built target moveit_msgs_generate_messages_eus
[  0%] Built target control_toolbox_generate_messages_cpp
[  0%] Built target moveit_msgs_generate_messages_py
[  0%] Built target rosgraph_msgs_generate_messages_lisp
[  0%] Built target moveit_msgs_generate_messages_lisp
[35m[1mScanning dependencies of target sensor_msgs_generate_messages_py[0m
[35m[1mScanning dependencies of target shape_msgs_generate_messages_cpp[0m
[35m[1mScanning dependencies of target nodelet_generate_messages_py[0m
[  0%] Built target sensor_msgs_generate_messages_py
[35m[1mScanning dependencies of target zerog_utilities_gencfg[0m
[  0%] Built target nodelet_generate_messages_py
[  0%] Built target sensor_msgs_generate_messages_cpp
[35m[1mScanning dependencies of target shape_msgs_generate_messages_eus[0m
[  0%] Built target shape_msgs_generate_messages_cpp
[35m[1mScanning dependencies of target dynamic_reconfigure_generate_messages_py[0m
[35m[1mScanning dependencies of target shape_msgs_generate_messages_lisp[0m
[  5%] [34m[1mGenerating dynamic reconfigure files from cfg/TfInfo.cfg: /root/baha/catkin_ws/devel/.private/zerog_utilities/include/zerog_utilities/TfInfoConfig.h /root/baha/catkin_ws/devel/.private/zerog_utilities/lib/python2.7/dist-packages/zerog_utilities/cfg/TfInfoConfig.py[0m
[35m[1mScanning dependencies of target rosgraph_msgs_generate_messages_eus[0m
[35m[1mScanning dependencies of target object_recognition_msgs_generate_messages_cpp[0m
[  5%] Built target shape_msgs_generate_messages_eus
[  5%] Built target dynamic_reconfigure_generate_messages_py
[  5%] Built target shape_msgs_generate_messages_lisp
[  5%] Built target rosgraph_msgs_generate_messages_eus
[  5%] Built target object_recognition_msgs_generate_messages_cpp
[35m[1mScanning dependencies of target std_srvs_generate_messages_eus[0m
[35m[1mScanning dependencies of target octomap_msgs_generate_messages_lisp[0m
[35m[1mScanning dependencies of target object_recognition_msgs_generate_messages_nodejs[0m
[35m[1mScanning dependencies of target std_srvs_generate_messages_nodejs[0m
[35m[1mScanning dependencies of target roscpp_generate_messages_lisp[0m
[  5%] Built target std_srvs_generate_messages_eus
[  5%] Built target octomap_msgs_generate_messages_lisp
[  5%] Built target object_recognition_msgs_generate_messages_nodejs
[  5%] Built target roscpp_generate_messages_lisp
[  5%] Built target std_srvs_generate_messages_nodejs
[35m[1mScanning dependencies of target object_recognition_msgs_generate_messages_py[0m
[35m[1mScanning dependencies of target octomap_msgs_generate_messages_nodejs[0m
[35m[1mScanning dependencies of target tf_generate_messages_nodejs[0m
[35m[1mScanning dependencies of target create_waypoints[0m
[35m[1mScanning dependencies of target tf_info_node[0m
[  5%] Built target object_recognition_msgs_generate_messages_py
[  5%] Built target octomap_msgs_generate_messages_nodejs
[  5%] Built target tf_generate_messages_nodejs
[35m[1mScanning dependencies of target reference_transformer_chaser[0m
[35m[1mScanning dependencies of target reference_transformer_target[0m
Generating reconfiguration files for TfInfo in zerog_utilities
[35m[1mScanning dependencies of target obtain_waypts_transform[0m
Wrote header file in /root/baha/catkin_ws/devel/.private/zerog_utilities/include/zerog_utilities/TfInfoConfig.h
[ 10%] [32mBuilding CXX object CMakeFiles/create_waypoints.dir/src/create_waypoints.cpp.o[0m
[ 15%] [32mBuilding CXX object CMakeFiles/reference_transformer_chaser.dir/src/reference_transformer_chaser.cpp.o[0m
[ 20%] [32mBuilding CXX object CMakeFiles/reference_transformer_target.dir/src/reference_transformer_target.cpp.o[0m
[ 25%] [32mBuilding CXX object CMakeFiles/obtain_waypts_transform.dir/src/obtain_waypts_transform.cpp.o[0m
[ 30%] [32mBuilding CXX object CMakeFiles/tf_info_node.dir/src/tf_info_node.cpp.o[0m
[ 30%] Built target zerog_utilities_gencfg
[35m[1mScanning dependencies of target obtain_waypts_transform_target[0m
[ 35%] [32mBuilding CXX object CMakeFiles/obtain_waypts_transform_target.dir/src/obtain_waypts_transform_target.cpp.o[0m
[ 40%] [32m[1mLinking CXX executable /root/baha/catkin_ws/devel/.private/zerog_utilities/lib/zerog_utilities/obtain_waypts_transform_target[0m
[ 45%] [32m[1mLinking CXX executable /root/baha/catkin_ws/devel/.private/zerog_utilities/lib/zerog_utilities/obtain_waypts_transform[0m
[ 45%] Built target obtain_waypts_transform_target
[ 45%] Built target obtain_waypts_transform
[35m[1mScanning dependencies of target reference_transformer[0m
[35m[1mScanning dependencies of target obtain_waypts_transform_chaser[0m
[ 50%] [32mBuilding CXX object CMakeFiles/obtain_waypts_transform_chaser.dir/src/obtain_waypts_transform_chaser.cpp.o[0m
[ 55%] [32mBuilding CXX object CMakeFiles/reference_transformer.dir/src/reference_transformer.cpp.o[0m
[ 60%] [32m[1mLinking CXX executable /root/baha/catkin_ws/devel/.private/zerog_utilities/lib/zerog_utilities/reference_transformer_target[0m
[ 65%] [32m[1mLinking CXX executable /root/baha/catkin_ws/devel/.private/zerog_utilities/lib/zerog_utilities/tf_info_node[0m
[ 70%] [32m[1mLinking CXX executable /root/baha/catkin_ws/devel/.private/zerog_utilities/lib/zerog_utilities/reference_transformer_chaser[0m
[ 75%] [32m[1mLinking CXX executable /root/baha/catkin_ws/devel/.private/zerog_utilities/lib/zerog_utilities/create_waypoints[0m
[ 75%] Built target tf_info_node
[35m[1mScanning dependencies of target zerog_utilities_generate_messages_eus[0m
[ 80%] [34m[1mGenerating EusLisp manifest code for zerog_utilities[0m
[ 80%] Built target reference_transformer_chaser
[ 80%] Built target reference_transformer_target
[35m[1mScanning dependencies of target zerog_utilities_generate_messages_cpp[0m
[35m[1mScanning dependencies of target zerog_utilities_generate_messages_py[0m
[ 80%] Built target zerog_utilities_generate_messages_cpp
[ 80%] Built target zerog_utilities_generate_messages_py
[35m[1mScanning dependencies of target zerog_utilities_generate_messages_nodejs[0m
[ 80%] Built target zerog_utilities_generate_messages_nodejs
[ 80%] Built target create_waypoints
[ 85%] [32m[1mLinking CXX executable /root/baha/catkin_ws/devel/.private/zerog_utilities/lib/zerog_utilities/obtain_waypts_transform_chaser[0m
[ 85%] Built target zerog_utilities_generate_messages_eus
[35m[1mScanning dependencies of target zerog_utilities_generate_messages[0m
[35m[1mScanning dependencies of target twist_tf_info_node[0m
[ 85%] Built target zerog_utilities_generate_messages
[ 90%] [32mBuilding CXX object CMakeFiles/twist_tf_info_node.dir/src/twist_tf_info_node.cpp.o[0m
[ 90%] Built target obtain_waypts_transform_chaser
[ 95%] [32m[1mLinking CXX executable /root/baha/catkin_ws/devel/.private/zerog_utilities/lib/zerog_utilities/reference_transformer[0m
[ 95%] Built target reference_transformer
[100%] [32m[1mLinking CXX executable /root/baha/catkin_ws/devel/.private/zerog_utilities/lib/zerog_utilities/twist_tf_info_node[0m
[100%] Built target twist_tf_info_node
