Determining if the pthread_create exist failed with the following output:
Change Dir: /root/baha/catkin_ws/build/zerog_utilities/CMakeFiles/CMakeTmp

Run Build Command:"/usr/bin/make" "cmTC_1f076/fast"
/usr/bin/make -f CMakeFiles/cmTC_1f076.dir/build.make CMakeFiles/cmTC_1f076.dir/build
make[1]: Entering directory '/root/baha/catkin_ws/build/zerog_utilities/CMakeFiles/CMakeTmp'
Building C object CMakeFiles/cmTC_1f076.dir/CheckSymbolExists.c.o
/usr/bin/cc    -o CMakeFiles/cmTC_1f076.dir/CheckSymbolExists.c.o   -c /root/baha/catkin_ws/build/zerog_utilities/CMakeFiles/CMakeTmp/CheckSymbolExists.c
Linking C executable cmTC_1f076
/usr/bin/cmake -E cmake_link_script CMakeFiles/cmTC_1f076.dir/link.txt --verbose=1
/usr/bin/cc      -rdynamic CMakeFiles/cmTC_1f076.dir/CheckSymbolExists.c.o  -o cmTC_1f076 
CMakeFiles/cmTC_1f076.dir/CheckSymbolExists.c.o: In function `main':
CheckSymbolExists.c:(.text+0x14): undefined reference to `pthread_create'
CheckSymbolExists.c:(.text+0x18): undefined reference to `pthread_create'
collect2: error: ld returned 1 exit status
CMakeFiles/cmTC_1f076.dir/build.make:97: recipe for target 'cmTC_1f076' failed
make[1]: *** [cmTC_1f076] Error 1
make[1]: Leaving directory '/root/baha/catkin_ws/build/zerog_utilities/CMakeFiles/CMakeTmp'
Makefile:126: recipe for target 'cmTC_1f076/fast' failed
make: *** [cmTC_1f076/fast] Error 2

File /root/baha/catkin_ws/build/zerog_utilities/CMakeFiles/CMakeTmp/CheckSymbolExists.c:
/* */
#include <pthread.h>

int main(int argc, char** argv)
{
  (void)argv;
#ifndef pthread_create
  return ((int*)(&pthread_create))[argc];
#else
  (void)argc;
  return 0;
#endif
}

Determining if the function pthread_create exists in the pthreads failed with the following output:
Change Dir: /root/baha/catkin_ws/build/zerog_utilities/CMakeFiles/CMakeTmp

Run Build Command:"/usr/bin/make" "cmTC_c71dc/fast"
/usr/bin/make -f CMakeFiles/cmTC_c71dc.dir/build.make CMakeFiles/cmTC_c71dc.dir/build
make[1]: Entering directory '/root/baha/catkin_ws/build/zerog_utilities/CMakeFiles/CMakeTmp'
Building C object CMakeFiles/cmTC_c71dc.dir/CheckFunctionExists.c.o
/usr/bin/cc   -DCHECK_FUNCTION_EXISTS=pthread_create   -o CMakeFiles/cmTC_c71dc.dir/CheckFunctionExists.c.o   -c /usr/share/cmake-3.10/Modules/CheckFunctionExists.c
Linking C executable cmTC_c71dc
/usr/bin/cmake -E cmake_link_script CMakeFiles/cmTC_c71dc.dir/link.txt --verbose=1
/usr/bin/cc  -DCHECK_FUNCTION_EXISTS=pthread_create    -rdynamic CMakeFiles/cmTC_c71dc.dir/CheckFunctionExists.c.o  -o cmTC_c71dc -lpthreads 
/usr/bin/ld: cannot find -lpthreads
collect2: error: ld returned 1 exit status
CMakeFiles/cmTC_c71dc.dir/build.make:97: recipe for target 'cmTC_c71dc' failed
make[1]: *** [cmTC_c71dc] Error 1
make[1]: Leaving directory '/root/baha/catkin_ws/build/zerog_utilities/CMakeFiles/CMakeTmp'
Makefile:126: recipe for target 'cmTC_c71dc/fast' failed
make: *** [cmTC_c71dc/fast] Error 2


